<?xml version="1.0" encoding="UTF-8"?>
<!-- Generated by org.testng.reporters.JUnitXMLReporter -->
<testsuite ignored="0" hostname="Tohidurs-Air" failures="0" tests="2" name="Running in Firefox Browser " time="26.593" errors="0" timestamp="2022-08-19T12:54:04 BST">
  <testcase classname="com.qa.TestCases.LoginPageTest" name="checkemaiIdField" time="2.005"/>
  <testcase classname="com.qa.TestCases.LoginPageTest" name="clickonContinueBtn" time="1.92"/>
</testsuite> <!-- Running in Firefox Browser  -->
