<?xml version="1.0" encoding="UTF-8"?>
<!-- Generated by org.testng.reporters.JUnitXMLReporter -->
<testsuite ignored="0" hostname="Tohidurs-Air" failures="0" tests="1" name="Test" time="0.395" errors="0" timestamp="2022-08-19T12:39:35 BST">
  <testcase classname="com.qa.base.TestBase" name="@BeforeMethod beforeMethodMethod" time="-1.660909175614E9">
    <failure type="org.testng.TestNGException" message="
Parameter &amp;apos;browserName&amp;apos; is required by BeforeMethod on method beforeMethodMethod but has not been marked @Optional or defined
in /Users/tohidur/eclipse-workspace/ParallelExecution/testng2.xml">
      <![CDATA[org.testng.TestNGException: 
Parameter 'browserName' is required by BeforeMethod on method beforeMethodMethod but has not been marked @Optional or defined
in /Users/tohidur/eclipse-workspace/ParallelExecution/testng2.xml
at java.base/java.util.ArrayList.forEach(ArrayList.java:1541)
... Removed 28 stack frames]]>
    </failure>
  </testcase> <!-- @BeforeMethod beforeMethodMethod -->
  <testcase classname="com.qa.base.TestBase" name="@AfterMethod afterMethodMethod" time="-1.660909175633E9">
    <skipped/>
  </testcase> <!-- @AfterMethod afterMethodMethod -->
  <testcase classname="com.qa.TestCases.LandingPageTest" name="clicSign" time="0.0">
    <skipped/>
  </testcase> <!-- clicSign -->
</testsuite> <!-- Test -->
