<?xml version="1.0" encoding="UTF-8"?>
<testng-results ignored="0" total="2" passed="1" failed="1" skipped="0">
  <reporter-output>
  </reporter-output>
  <suite started-at="2022-08-17T14:57:22 BST" name="Suite" finished-at="2022-08-17T14:57:45 BST" duration-ms="23247">
    <groups>
    </groups>
    <test started-at="2022-08-17T14:57:22 BST" name="Running in Firefox Browser " finished-at="2022-08-17T14:57:38 BST" duration-ms="16580">
      <class name="com.qa.TestCases.LoginPageTest">
        <test-method is-config="true" signature="beforeTestMethod()[pri:0, instance:com.qa.TestCases.LoginPageTest@120f102b]" started-at="2022-08-17T14:57:22 BST" name="beforeTestMethod" finished-at="2022-08-17T14:57:22 BST" duration-ms="316" status="PASS">
          <reporter-output>
          </reporter-output>
        </test-method> <!-- beforeTestMethod -->
        <test-method is-config="true" signature="beforeMethodMethod(java.lang.String, java.lang.reflect.Method)[pri:0, instance:com.qa.TestCases.LoginPageTest@120f102b]" started-at="2022-08-17T14:57:22 BST" name="beforeMethodMethod" finished-at="2022-08-17T14:57:35 BST" duration-ms="12605" status="PASS">
          <params>
            <param index="0">
              <value>
                <![CDATA[firefox]]>
              </value>
            </param>
            <param index="1">
              <value>
                <![CDATA[public void com.qa.TestCases.LoginPageTest.checkemaiIdField()]]>
              </value>
            </param>
          </params>
          <reporter-output>
          </reporter-output>
        </test-method> <!-- beforeMethodMethod -->
        <test-method signature="checkemaiIdField()[pri:0, instance:com.qa.TestCases.LoginPageTest@120f102b]" started-at="2022-08-17T14:57:35 BST" name="checkemaiIdField" finished-at="2022-08-17T14:57:36 BST" duration-ms="1665" status="PASS">
          <reporter-output>
          </reporter-output>
        </test-method> <!-- checkemaiIdField -->
        <test-method is-config="true" signature="afterMethodMethod(org.testng.ITestResult)[pri:0, instance:com.qa.TestCases.LoginPageTest@120f102b]" started-at="2022-08-17T14:57:36 BST" name="afterMethodMethod" finished-at="2022-08-17T14:57:37 BST" duration-ms="1194" status="PASS">
          <params>
            <param index="0">
              <value>
                <![CDATA[[TestResult name=checkemaiIdField status=SUCCESS method=LoginPageTest.checkemaiIdField()[pri:0, instance:com.qa.TestCases.LoginPageTest@120f102b] output={null}]]]>
              </value>
            </param>
          </params>
          <reporter-output>
          </reporter-output>
        </test-method> <!-- afterMethodMethod -->
        <test-method is-config="true" signature="afterTestMethod()[pri:0, instance:com.qa.TestCases.LoginPageTest@120f102b]" started-at="2022-08-17T14:57:37 BST" name="afterTestMethod" finished-at="2022-08-17T14:57:38 BST" duration-ms="738" status="PASS">
          <reporter-output>
          </reporter-output>
        </test-method> <!-- afterTestMethod -->
      </class> <!-- com.qa.TestCases.LoginPageTest -->
    </test> <!-- Running in Firefox Browser  -->
    <test started-at="2022-08-17T14:57:22 BST" name="Running in Chrome Browser " finished-at="2022-08-17T14:57:45 BST" duration-ms="23247">
      <class name="com.qa.TestCases.LandingPageTest">
        <test-method is-config="true" signature="beforeTestMethod()[pri:0, instance:com.qa.TestCases.LandingPageTest@1f97cf0d]" started-at="2022-08-17T14:57:22 BST" name="beforeTestMethod" finished-at="2022-08-17T14:57:22 BST" duration-ms="316" status="PASS">
          <reporter-output>
          </reporter-output>
        </test-method> <!-- beforeTestMethod -->
        <test-method is-config="true" signature="beforeMethodMethod(java.lang.String, java.lang.reflect.Method)[pri:0, instance:com.qa.TestCases.LandingPageTest@1f97cf0d]" started-at="2022-08-17T14:57:22 BST" name="beforeMethodMethod" finished-at="2022-08-17T14:57:30 BST" duration-ms="8314" status="PASS">
          <params>
            <param index="0">
              <value>
                <![CDATA[chrome]]>
              </value>
            </param>
            <param index="1">
              <value>
                <![CDATA[public void com.qa.TestCases.LandingPageTest.clicSign()]]>
              </value>
            </param>
          </params>
          <reporter-output>
          </reporter-output>
        </test-method> <!-- beforeMethodMethod -->
        <test-method signature="clicSign()[pri:0, instance:com.qa.TestCases.LandingPageTest@1f97cf0d]" started-at="2022-08-17T14:57:30 BST" name="clicSign" finished-at="2022-08-17T14:57:44 BST" duration-ms="14218" status="FAIL">
          <exception class="org.openqa.selenium.NoSuchElementException">
            <message>
              <![CDATA[no such element: Unable to locate element: {"method":"xpath","selector":"//h1[contains(text(),'Login')]"}
  (Session info: chrome=104.0.5112.79)
For documentation on this error, please visit: https://www.seleniumhq.org/exceptions/no_such_element.html
Build info: version: '3.141.59', revision: 'e82be7d358', time: '2018-11-14T08:17:03'
System info: host: 'Tohidurs-Air', ip: '2a02:c7e:10b3:1200:3c11:6870:6597:d343%en0', os.name: 'Mac OS X', os.arch: 'x86_64', os.version: '10.15.7', java.version: '11.0.15.1'
Driver info: org.openqa.selenium.chrome.ChromeDriver
Capabilities {acceptInsecureCerts: false, browserName: chrome, browserVersion: 104.0.5112.79, chrome: {chromedriverVersion: 104.0.5112.79 (3cf3e8c8a07d..., userDataDir: /var/folders/hw/9qtphsf54yb...}, goog:chromeOptions: {debuggerAddress: localhost:52109}, javascriptEnabled: true, networkConnectionEnabled: false, pageLoadStrategy: normal, platform: MAC, platformName: MAC, proxy: Proxy(), setWindowRect: true, strictFileInteractability: false, timeouts: {implicit: 0, pageLoad: 300000, script: 30000}, unhandledPromptBehavior: dismiss and notify, webauthn:extension:credBlob: true, webauthn:extension:largeBlob: true, webauthn:virtualAuthenticators: true}
Session ID: 10033c557de1758cd97a6f58959fe5d2
*** Element info: {Using=xpath, value=//h1[contains(text(),'Login')]}]]>
            </message>
            <full-stacktrace>
              <![CDATA[org.openqa.selenium.NoSuchElementException: no such element: Unable to locate element: {"method":"xpath","selector":"//h1[contains(text(),'Login')]"}
  (Session info: chrome=104.0.5112.79)
For documentation on this error, please visit: https://www.seleniumhq.org/exceptions/no_such_element.html
Build info: version: '3.141.59', revision: 'e82be7d358', time: '2018-11-14T08:17:03'
System info: host: 'Tohidurs-Air', ip: '2a02:c7e:10b3:1200:3c11:6870:6597:d343%en0', os.name: 'Mac OS X', os.arch: 'x86_64', os.version: '10.15.7', java.version: '11.0.15.1'
Driver info: org.openqa.selenium.chrome.ChromeDriver
Capabilities {acceptInsecureCerts: false, browserName: chrome, browserVersion: 104.0.5112.79, chrome: {chromedriverVersion: 104.0.5112.79 (3cf3e8c8a07d..., userDataDir: /var/folders/hw/9qtphsf54yb...}, goog:chromeOptions: {debuggerAddress: localhost:52109}, javascriptEnabled: true, networkConnectionEnabled: false, pageLoadStrategy: normal, platform: MAC, platformName: MAC, proxy: Proxy(), setWindowRect: true, strictFileInteractability: false, timeouts: {implicit: 0, pageLoad: 300000, script: 30000}, unhandledPromptBehavior: dismiss and notify, webauthn:extension:credBlob: true, webauthn:extension:largeBlob: true, webauthn:virtualAuthenticators: true}
Session ID: 10033c557de1758cd97a6f58959fe5d2
*** Element info: {Using=xpath, value=//h1[contains(text(),'Login')]}
at java.base/jdk.internal.reflect.NativeConstructorAccessorImpl.newInstance0(Native Method)
at java.base/jdk.internal.reflect.NativeConstructorAccessorImpl.newInstance(NativeConstructorAccessorImpl.java:62)
at java.base/jdk.internal.reflect.DelegatingConstructorAccessorImpl.newInstance(DelegatingConstructorAccessorImpl.java:45)
at java.base/java.lang.reflect.Constructor.newInstance(Constructor.java:490)
at org.openqa.selenium.remote.http.W3CHttpResponseCodec.createException(W3CHttpResponseCodec.java:187)
at org.openqa.selenium.remote.http.W3CHttpResponseCodec.decode(W3CHttpResponseCodec.java:122)
at org.openqa.selenium.remote.http.W3CHttpResponseCodec.decode(W3CHttpResponseCodec.java:49)
at org.openqa.selenium.remote.HttpCommandExecutor.execute(HttpCommandExecutor.java:158)
at org.openqa.selenium.remote.service.DriverCommandExecutor.execute(DriverCommandExecutor.java:83)
at org.openqa.selenium.remote.RemoteWebDriver.execute(RemoteWebDriver.java:552)
at org.openqa.selenium.remote.RemoteWebDriver.findElement(RemoteWebDriver.java:323)
at org.openqa.selenium.remote.RemoteWebDriver.findElementByXPath(RemoteWebDriver.java:428)
at org.openqa.selenium.By$ByXPath.findElement(By.java:353)
at org.openqa.selenium.remote.RemoteWebDriver.findElement(RemoteWebDriver.java:315)
at com.qa.pageUtils.ElementFetch.getWebElement(ElementFetch.java:29)
at com.qa.pageObjects.LoginPageElements.virifyLoginPageOpenOrNot(LoginPageElements.java:24)
at com.qa.TestCases.LandingPageTest.clicSign(LandingPageTest.java:22)
at java.base/jdk.internal.reflect.NativeMethodAccessorImpl.invoke0(Native Method)
at java.base/jdk.internal.reflect.NativeMethodAccessorImpl.invoke(NativeMethodAccessorImpl.java:62)
at java.base/jdk.internal.reflect.DelegatingMethodAccessorImpl.invoke(DelegatingMethodAccessorImpl.java:43)
at java.base/java.lang.reflect.Method.invoke(Method.java:566)
at org.testng.internal.MethodInvocationHelper.invokeMethod(MethodInvocationHelper.java:135)
at org.testng.internal.TestInvoker.invokeMethod(TestInvoker.java:598)
at org.testng.internal.TestInvoker.invokeTestMethod(TestInvoker.java:174)
at org.testng.internal.MethodRunner.runInSequence(MethodRunner.java:46)
at org.testng.internal.TestInvoker$MethodInvocationAgent.invoke(TestInvoker.java:821)
at org.testng.internal.TestInvoker.invokeTestMethods(TestInvoker.java:147)
at org.testng.internal.TestMethodWorker.invokeTestMethods(TestMethodWorker.java:146)
at org.testng.internal.TestMethodWorker.run(TestMethodWorker.java:128)
at java.base/java.util.ArrayList.forEach(ArrayList.java:1541)
at org.testng.TestRunner.privateRun(TestRunner.java:767)
at org.testng.TestRunner.run(TestRunner.java:588)
at org.testng.SuiteRunner.runTest(SuiteRunner.java:384)
at org.testng.SuiteRunner.access$000(SuiteRunner.java:28)
at org.testng.SuiteRunner$SuiteWorker.run(SuiteRunner.java:425)
at org.testng.internal.thread.ThreadUtil.lambda$execute$0(ThreadUtil.java:68)
at java.base/java.util.concurrent.FutureTask.run(FutureTask.java:264)
at java.base/java.util.concurrent.ThreadPoolExecutor.runWorker(ThreadPoolExecutor.java:1128)
at java.base/java.util.concurrent.ThreadPoolExecutor$Worker.run(ThreadPoolExecutor.java:628)
at java.base/java.lang.Thread.run(Thread.java:834)
]]>
            </full-stacktrace>
          </exception> <!-- org.openqa.selenium.NoSuchElementException -->
          <reporter-output>
          </reporter-output>
        </test-method> <!-- clicSign -->
        <test-method is-config="true" signature="afterMethodMethod(org.testng.ITestResult)[pri:0, instance:com.qa.TestCases.LandingPageTest@1f97cf0d]" started-at="2022-08-17T14:57:44 BST" name="afterMethodMethod" finished-at="2022-08-17T14:57:45 BST" duration-ms="222" status="PASS">
          <params>
            <param index="0">
              <value>
                <![CDATA[[TestResult name=clicSign status=FAILURE method=LandingPageTest.clicSign()[pri:0, instance:com.qa.TestCases.LandingPageTest@1f97cf0d] output={null}]]]>
              </value>
            </param>
          </params>
          <reporter-output>
          </reporter-output>
        </test-method> <!-- afterMethodMethod -->
        <test-method is-config="true" signature="afterTestMethod()[pri:0, instance:com.qa.TestCases.LandingPageTest@1f97cf0d]" started-at="2022-08-17T14:57:45 BST" name="afterTestMethod" finished-at="2022-08-17T14:57:45 BST" duration-ms="130" status="PASS">
          <reporter-output>
          </reporter-output>
        </test-method> <!-- afterTestMethod -->
      </class> <!-- com.qa.TestCases.LandingPageTest -->
    </test> <!-- Running in Chrome Browser  -->
  </suite> <!-- Suite -->
</testng-results>
